2026-04-18 10:18:13.577 INFO  [background-preinit] o.h.validator.internal.util.Version - HV000001: Hibernate Validator 8.0.1.Final
2026-04-18 10:18:13.629 INFO  [restartedMain] c.blog.blog_app.BlogAppApplication - Starting BlogAppApplication using Java 21.0.10 with PID 12316 (D:\download\blog-app\target\classes started by User in D:\download\blog-app)
2026-04-18 10:18:13.630 DEBUG [restartedMain] c.blog.blog_app.BlogAppApplication - Running with Spring Boot v3.3.0, Spring v6.1.8
2026-04-18 10:18:13.630 INFO  [restartedMain] c.blog.blog_app.BlogAppApplication - The following 1 profile is active: "dev"
2026-04-18 10:18:13.687 INFO  [restartedMain] o.s.b.d.e.DevToolsPropertyDefaultsPostProcessor - Devtools property defaults active! Set 'spring.devtools.add-properties' to 'false' to disable
2026-04-18 10:18:13.687 INFO  [restartedMain] o.s.b.d.e.DevToolsPropertyDefaultsPostProcessor - For additional web related logging consider setting the 'logging.level.web' property to 'DEBUG'
2026-04-18 10:18:14.873 INFO  [restartedMain] o.s.d.r.c.RepositoryConfigurationDelegate - Bootstrapping Spring Data JPA repositories in DEFAULT mode.
2026-04-18 10:18:14.995 INFO  [restartedMain] o.s.d.r.c.RepositoryConfigurationDelegate - Finished Spring Data repository scanning in 106 ms. Found 2 JPA repository interfaces.
2026-04-18 10:18:15.728 INFO  [restartedMain] o.s.b.w.e.tomcat.TomcatWebServer - Tomcat initialized with port 8080 (http)
2026-04-18 10:18:15.750 INFO  [restartedMain] o.a.coyote.http11.Http11NioProtocol - Initializing ProtocolHandler ["http-nio-8080"]
2026-04-18 10:18:15.754 INFO  [restartedMain] o.a.catalina.core.StandardService - Starting service [Tomcat]
2026-04-18 10:18:15.755 INFO  [restartedMain] o.a.catalina.core.StandardEngine - Starting Servlet engine: [Apache Tomcat/10.1.24]
2026-04-18 10:18:15.853 INFO  [restartedMain] o.a.c.c.C.[Tomcat].[localhost].[/] - Initializing Spring embedded WebApplicationContext
2026-04-18 10:18:15.854 INFO  [restartedMain] o.s.b.w.s.c.ServletWebServerApplicationContext - Root WebApplicationContext: initialization completed in 2167 ms
2026-04-18 10:18:15.931 INFO  [restartedMain] com.zaxxer.hikari.HikariDataSource - HikariPool-1 - Starting...
2026-04-18 10:18:16.201 INFO  [restartedMain] com.zaxxer.hikari.pool.HikariPool - HikariPool-1 - Added connection conn0: url=jdbc:h2:mem:blogdb user=SA
2026-04-18 10:18:16.205 INFO  [restartedMain] com.zaxxer.hikari.HikariDataSource - HikariPool-1 - Start completed.
2026-04-18 10:18:16.230 INFO  [restartedMain] o.s.b.a.h.H2ConsoleAutoConfiguration - H2 console available at '/h2-console'. Database available at 'jdbc:h2:mem:blogdb'
2026-04-18 10:18:16.241 INFO  [restartedMain] com.blog.blog_app.config.DevConfig - DEV profile active — HTTP request logging enabled
2026-04-18 10:18:16.348 DEBUG [restartedMain] o.s.w.f.CommonsRequestLoggingFilter - Filter 'requestLoggingFilter' configured for use
2026-04-18 10:18:16.470 INFO  [restartedMain] o.h.jpa.internal.util.LogHelper - HHH000204: Processing PersistenceUnitInfo [name: default]
2026-04-18 10:18:16.527 INFO  [restartedMain] org.hibernate.Version - HHH000412: Hibernate ORM core version 6.5.2.Final
2026-04-18 10:18:16.585 INFO  [restartedMain] o.h.c.i.RegionFactoryInitiator - HHH000026: Second-level cache disabled
2026-04-18 10:18:17.148 INFO  [restartedMain] o.s.o.j.p.SpringPersistenceUnitInfo - No LoadTimeWeaver setup: ignoring JPA class transformer
2026-04-18 10:18:17.268 WARN  [restartedMain] org.hibernate.orm.deprecation - HHH90000025: H2Dialect does not need to be specified explicitly using 'hibernate.dialect' (remove the property setting and it will be selected by default)
2026-04-18 10:18:18.475 INFO  [restartedMain] o.h.e.t.j.p.i.JtaPlatformInitiator - HHH000489: No JTA platform available (set 'hibernate.transaction.jta.platform' to enable JTA platform integration)
2026-04-18 10:18:18.493 DEBUG [restartedMain] org.hibernate.SQL - 
    drop table if exists categories cascade 
2026-04-18 10:18:18.497 DEBUG [restartedMain] org.hibernate.SQL - 
    drop table if exists posts cascade 
2026-04-18 10:18:18.516 DEBUG [restartedMain] org.hibernate.SQL - 
    create table categories (
        id bigint generated by default as identity,
        name varchar(100) not null unique,
        primary key (id)
    )
2026-04-18 10:18:18.533 DEBUG [restartedMain] org.hibernate.SQL - 
    create table posts (
        category_id bigint not null,
        id bigint generated by default as identity,
        title varchar(150) not null,
        content TEXT not null,
        image_path varchar(255),
        primary key (id)
    )
2026-04-18 10:18:18.535 DEBUG [restartedMain] org.hibernate.SQL - 
    alter table if exists posts 
       add constraint FKijnwr3brs8vaosl80jg9rp7uc 
       foreign key (category_id) 
       references categories
2026-04-18 10:18:18.561 INFO  [restartedMain] o.s.o.j.LocalContainerEntityManagerFactoryBean - Initialized JPA EntityManagerFactory for persistence unit 'default'
2026-04-18 10:18:19.130 INFO  [restartedMain] o.s.d.j.r.query.QueryEnhancerFactory - Hibernate is in classpath; If applicable, HQL parser will be used.
2026-04-18 10:18:19.643 INFO  [restartedMain] c.b.b.service.FileStorageService - File storage initialised at: D:\download\blog-app\uploads\dev
2026-04-18 10:18:19.709 WARN  [restartedMain] o.s.b.a.o.j.JpaBaseConfiguration$JpaWebConfiguration - spring.jpa.open-in-view is enabled by default. Therefore, database queries may be performed during view rendering. Explicitly configure spring.jpa.open-in-view to disable this warning
2026-04-18 10:18:19.841 DEBUG [restartedMain] o.s.w.s.m.m.a.RequestMappingHandlerMapping - 15 mappings in 'requestMappingHandlerMapping'
2026-04-18 10:18:19.951 DEBUG [restartedMain] o.s.w.s.h.SimpleUrlHandlerMapping - Patterns [/webjars/**, /**, /uploads/**] in 'resourceHandlerMapping'
2026-04-18 10:18:20.001 DEBUG [restartedMain] o.s.w.s.m.m.a.RequestMappingHandlerAdapter - ControllerAdvice beans: 0 @ModelAttribute, 0 @InitBinder, 1 RequestBodyAdvice, 1 ResponseBodyAdvice
2026-04-18 10:18:20.035 DEBUG [restartedMain] o.s.w.s.m.m.a.ExceptionHandlerExceptionResolver - ControllerAdvice beans: 1 @ExceptionHandler, 1 ResponseBodyAdvice
2026-04-18 10:18:20.203 INFO  [restartedMain] o.s.b.d.a.OptionalLiveReloadServer - LiveReload server is running on port 35729
2026-04-18 10:18:20.226 INFO  [restartedMain] o.a.coyote.http11.Http11NioProtocol - Starting ProtocolHandler ["http-nio-8080"]
2026-04-18 10:18:20.241 INFO  [restartedMain] o.s.b.w.e.tomcat.TomcatWebServer - Tomcat started on port 8080 (http) with context path '/'
2026-04-18 10:18:20.252 INFO  [restartedMain] c.blog.blog_app.BlogAppApplication - Started BlogAppApplication in 7.341 seconds (process running for 9.212)
2026-04-18 10:18:20.355 DEBUG [restartedMain] org.hibernate.SQL - 
    select
        count(*) 
    from
        categories c1_0
2026-04-18 10:18:20.383 INFO  [restartedMain] c.b.blog_app.config.DataInitializer - DataInitializer — seeding categories and posts...
2026-04-18 10:18:20.411 DEBUG [restartedMain] org.hibernate.SQL - 
    insert 
    into
        categories
        (name, id) 
    values
        (?, default)
2026-04-18 10:18:20.441 DEBUG [restartedMain] org.hibernate.SQL - 
    insert 
    into
        categories
        (name, id) 
    values
        (?, default)
2026-04-18 10:18:20.443 DEBUG [restartedMain] org.hibernate.SQL - 
    insert 
    into
        categories
        (name, id) 
    values
        (?, default)
2026-04-18 10:18:20.447 DEBUG [restartedMain] org.hibernate.SQL - 
    select
        count(*) 
    from
        categories c1_0
2026-04-18 10:18:20.448 INFO  [restartedMain] c.b.blog_app.config.DataInitializer - Seeded 3 categories
2026-04-18 10:18:20.454 DEBUG [restartedMain] org.hibernate.SQL - 
    insert 
    into
        posts
        (category_id, content, image_path, title, id) 
    values
        (?, ?, ?, ?, default)
2026-04-18 10:18:20.457 DEBUG [restartedMain] org.hibernate.SQL - 
    insert 
    into
        posts
        (category_id, content, image_path, title, id) 
    values
        (?, ?, ?, ?, default)
2026-04-18 10:18:20.460 DEBUG [restartedMain] org.hibernate.SQL - 
    insert 
    into
        posts
        (category_id, content, image_path, title, id) 
    values
        (?, ?, ?, ?, default)
2026-04-18 10:18:20.462 DEBUG [restartedMain] org.hibernate.SQL - 
    insert 
    into
        posts
        (category_id, content, image_path, title, id) 
    values
        (?, ?, ?, ?, default)
2026-04-18 10:18:20.468 DEBUG [restartedMain] org.hibernate.SQL - 
    select
        count(*) 
    from
        posts p1_0
2026-04-18 10:18:20.469 INFO  [restartedMain] c.b.blog_app.config.DataInitializer - DataInitializer — seeded 4 posts. Ready!
2026-04-18 10:19:10.131 INFO  [SpringApplicationShutdownHook] o.s.o.j.LocalContainerEntityManagerFactoryBean - Closing JPA EntityManagerFactory for persistence unit 'default'
2026-04-18 10:19:10.132 DEBUG [SpringApplicationShutdownHook] org.hibernate.SQL - 
    drop table if exists categories cascade 
2026-04-18 10:19:10.134 DEBUG [SpringApplicationShutdownHook] org.hibernate.SQL - 
    drop table if exists posts cascade 
2026-04-18 10:19:10.139 WARN  [SpringApplicationShutdownHook] o.s.b.f.s.DisposableBeanAdapter - Invocation of destroy method failed on bean with name 'inMemoryDatabaseShutdownExecutor': org.h2.jdbc.JdbcSQLNonTransientConnectionException: Database is already closed (to disable automatic closing at VM shutdown, add ";DB_CLOSE_ON_EXIT=FALSE" to the db URL) [90121-224]
2026-04-18 10:19:10.140 INFO  [SpringApplicationShutdownHook] com.zaxxer.hikari.HikariDataSource - HikariPool-1 - Shutdown initiated...
2026-04-18 10:19:10.141 INFO  [SpringApplicationShutdownHook] com.zaxxer.hikari.HikariDataSource - HikariPool-1 - Shutdown completed.
